<?xml version="1.0" encoding="UTF-8"?>
<!-- Generated by org.testng.reporters.JUnitReportReporter -->
<testsuite hostname="JJ" failures="0" tests="1" name="testLayerPackage.AmazonCreateAccountTest" time="44.958" errors="0" timestamp="2022-07-10T12:52:54 EDT" skipped="0">
  <testcase classname="testLayerPackage.AmazonCreateAccountTest" name="AmazonAccountCreation" time="44.958"/>
  <system-out/>
</testsuite> <!-- testLayerPackage.AmazonCreateAccountTest -->
