<?xml version="1.0" encoding="UTF-8"?>
<!-- Generated by org.testng.reporters.JUnitReportReporter -->
<testsuite hostname="JJ" failures="0" tests="1" name="testLayerPackage.AmazonTest" time="43.518" errors="0" timestamp="2022-07-08T21:25:02 EDT" skipped="0">
  <testcase classname="testLayerPackage.AmazonTest" name="AmazonAccountCreation" time="43.518"/>
  <system-out/>
</testsuite> <!-- testLayerPackage.AmazonTest -->
